<?xml version="1.0" encoding="UTF-8" ?>
<testsuite tests="16" failures="0" name="cucumberOptions.TestRunner" time="0.334" errors="0" skipped="14">
  <properties>
    <property name="java.runtime.name" value="Java(TM) SE Runtime Environment"/>
    <property name="sun.boot.library.path" value="C:\Program Files\Java\jdk1.8.0_191\jre\bin"/>
    <property name="java.vm.version" value="25.191-b12"/>
    <property name="java.vm.vendor" value="Oracle Corporation"/>
    <property name="maven.multiModuleProjectDirectory" value="C:\Users\mfhos\workspace\Automation"/>
    <property name="java.vendor.url" value="http://java.oracle.com/"/>
    <property name="path.separator" value=";"/>
    <property name="guice.disable.misplaced.annotation.check" value="true"/>
    <property name="java.vm.name" value="Java HotSpot(TM) 64-Bit Server VM"/>
    <property name="file.encoding.pkg" value="sun.io"/>
    <property name="user.script" value=""/>
    <property name="user.country" value="US"/>
    <property name="sun.java.launcher" value="SUN_STANDARD"/>
    <property name="sun.os.patch.level" value=""/>
    <property name="java.vm.specification.name" value="Java Virtual Machine Specification"/>
    <property name="user.dir" value="C:\Users\mfhos\workspace\Automation"/>
    <property name="java.runtime.version" value="1.8.0_191-b12"/>
    <property name="java.awt.graphicsenv" value="sun.awt.Win32GraphicsEnvironment"/>
    <property name="java.endorsed.dirs" value="C:\Program Files\Java\jdk1.8.0_191\jre\lib\endorsed"/>
    <property name="os.arch" value="amd64"/>
    <property name="java.io.tmpdir" value="C:\Users\mfhos\AppData\Local\Temp\"/>
    <property name="line.separator" value="
"/>
    <property name="java.vm.specification.vendor" value="Oracle Corporation"/>
    <property name="user.variant" value=""/>
    <property name="os.name" value="Windows 10"/>
    <property name="classworlds.conf" value="C:\apache-maven-3.6.0-bin\apache-maven-3.6.0\bin\..\bin\m2.conf"/>
    <property name="sun.jnu.encoding" value="Cp1252"/>
    <property name="java.library.path" value="C:\Program Files\Java\jdk1.8.0_191\bin;C:\windows\Sun\Java\bin;C:\windows\system32;C:\windows;C:\Program Files (x86)\Common Files\Oracle\Java\javapath;C:\windows\system32;C:\windows;C:\windows\System32\Wbem;C:\windows\System32\WindowsPowerShell\v1.0\;C:\windows\System32\OpenSSH\;C:\Program Files (x86)\Intel\Intel(R) Management Engine Components\DAL;C:\Program Files\Intel\Intel(R) Management Engine Components\DAL;C:\Program Files (x86)\Intel\Intel(R) Management Engine Components\IPT;C:\Program Files\Intel\Intel(R) Management Engine Components\IPT;C:\Program Files\TortoiseGit\bin;C:\Program Files\Git\cmd;C:\Program Files\Java\jdk1.8.0_191\bin;C:\apache-maven-3.6.0-bin\apache-maven-3.6.0\bin;C:\gradle-5.1.1\bin;C:\Program Files\nodejs\;C:\Users\mfhos\AppData\Local\Microsoft\WindowsApps;C:\Users\mfhos\AppData\Roaming\npm;."/>
    <property name="maven.conf" value="C:\apache-maven-3.6.0-bin\apache-maven-3.6.0\bin\../conf"/>
    <property name="java.specification.name" value="Java Platform API Specification"/>
    <property name="java.class.version" value="52.0"/>
    <property name="sun.management.compiler" value="HotSpot 64-Bit Tiered Compilers"/>
    <property name="os.version" value="10.0"/>
    <property name="library.jansi.path" value="C:\apache-maven-3.6.0-bin\apache-maven-3.6.0\bin\..\lib\jansi-native"/>
    <property name="user.home" value="C:\Users\mfhos"/>
    <property name="user.timezone" value="America/New_York"/>
    <property name="java.awt.printerjob" value="sun.awt.windows.WPrinterJob"/>
    <property name="java.specification.version" value="1.8"/>
    <property name="file.encoding" value="Cp1252"/>
    <property name="user.name" value="mfhos"/>
    <property name="java.class.path" value="C:\apache-maven-3.6.0-bin\apache-maven-3.6.0\bin\..\boot\plexus-classworlds-2.5.2.jar"/>
    <property name="java.vm.specification.version" value="1.8"/>
    <property name="sun.arch.data.model" value="64"/>
    <property name="java.home" value="C:\Program Files\Java\jdk1.8.0_191\jre"/>
    <property name="sun.java.command" value="org.codehaus.plexus.classworlds.launcher.Launcher test"/>
    <property name="java.specification.vendor" value="Oracle Corporation"/>
    <property name="user.language" value="en"/>
    <property name="awt.toolkit" value="sun.awt.windows.WToolkit"/>
    <property name="java.vm.info" value="mixed mode"/>
    <property name="java.version" value="1.8.0_191"/>
    <property name="java.ext.dirs" value="C:\Program Files\Java\jdk1.8.0_191\jre\lib\ext;C:\windows\Sun\Java\lib\ext"/>
    <property name="sun.boot.class.path" value="C:\Program Files\Java\jdk1.8.0_191\jre\lib\resources.jar;C:\Program Files\Java\jdk1.8.0_191\jre\lib\rt.jar;C:\Program Files\Java\jdk1.8.0_191\jre\lib\sunrsasign.jar;C:\Program Files\Java\jdk1.8.0_191\jre\lib\jsse.jar;C:\Program Files\Java\jdk1.8.0_191\jre\lib\jce.jar;C:\Program Files\Java\jdk1.8.0_191\jre\lib\charsets.jar;C:\Program Files\Java\jdk1.8.0_191\jre\lib\jfr.jar;C:\Program Files\Java\jdk1.8.0_191\jre\classes"/>
    <property name="sun.stderr.encoding" value="cp437"/>
    <property name="java.vendor" value="Oracle Corporation"/>
    <property name="maven.home" value="C:\apache-maven-3.6.0-bin\apache-maven-3.6.0\bin\.."/>
    <property name="file.separator" value="\"/>
    <property name="java.vendor.url.bug" value="http://bugreport.sun.com/bugreport/"/>
    <property name="sun.cpu.endian" value="little"/>
    <property name="sun.io.unicode.encoding" value="UnicodeLittle"/>
    <property name="sun.stdout.encoding" value="cp437"/>
    <property name="sun.desktop" value="windows"/>
    <property name="sun.cpu.isalist" value="amd64"/>
  </properties>
  <testcase classname="Scenario: Home page default login" name="Given validate the browser" time="0.011">
    <skipped/>
    <system-out>Feature: Application Login
</system-out>
  </testcase>
  <testcase classname="Scenario: Home page default login" name="When Browser is trggered" time="0.019">
    <skipped/>
  </testcase>
  <testcase classname="Scenario: Home page default login" name="Then check if browser is displayed" time="0.021">
    <skipped/>
  </testcase>
  <testcase classname="Scenario: Home page default login" name="Given User is on NetBanking Landing page" time="0.031">
    <skipped/>
    <system-out>
  Background:                          # Login.feature:3
    Given validate the browser         # stepDefination.validate_the_browser()
    When Browser is trggered           # stepDefination.browser_is_trggered()
    Then check if browser is displayed # stepDefination.check_if_browser_is_displayed()
</system-out>
  </testcase>
  <testcase classname="Scenario: Home page default login" name="When User login into application with username &quot;jin&quot; and password &quot;1234&quot;" time="0.032">
    <skipped/>
  </testcase>
  <testcase classname="Scenario: Home page default login" name="Then Home page is populated" time="0.033">
    <skipped/>
  </testcase>
  <testcase classname="Scenario: Home page default login" name="And Cards displayed are &quot;true&quot;" time="0.034">
    <skipped/>
  </testcase>
  <testcase classname="Scenario: Home page default login" name="Scenario: Home page default login" time="0.036"/>
  <testcase classname="Scenario: Home page default login" name="Given validate the browser" time="0.006">
    <skipped/>
    <system-out>
  @RegTest
  Scenario: Home page default login                                          # Login.feature:10
    Given User is on NetBanking Landing page                                 # stepDefination.user_is_on_netbanking_landing_page()
    When User login into application with username &quot;jin&quot; and password &quot;1234&quot; # stepDefination.user_login_into_application_with_username_something_and_password_something(String,String)
    Then Home page is populated                                              # stepDefination.home_page_is_populated()
    And Cards displayed are &quot;true&quot;                                           # stepDefination.cards_displayed_are_something(String)
</system-out>
  </testcase>
  <testcase classname="Scenario: Home page default login" name="When Browser is trggered" time="0.008">
    <skipped/>
  </testcase>
  <testcase classname="Scenario: Home page default login" name="Then check if browser is displayed" time="0.008">
    <skipped/>
  </testcase>
  <testcase classname="Scenario: Home page default login" name="Given User is on NetBanking Landing page" time="0.016">
    <skipped/>
    <system-out>
  Background:                          # Login.feature:3
    Given validate the browser         # stepDefination.validate_the_browser()
    When Browser is trggered           # stepDefination.browser_is_trggered()
    Then check if browser is displayed # stepDefination.check_if_browser_is_displayed()
</system-out>
  </testcase>
  <testcase classname="Scenario: Home page default login" name="When User login into application with username &quot;john&quot; and password &quot;4321&quot;" time="0.018">
    <skipped/>
  </testcase>
  <testcase classname="Scenario: Home page default login" name="Then Home page is populated" time="0.02">
    <skipped/>
  </testcase>
  <testcase classname="Scenario: Home page default login" name="And Cards displayed are &quot;false&quot;" time="0.02">
    <skipped/>
  </testcase>
  <testcase classname="Scenario: Home page default login" name="Scenario: Home page default login" time="0.021"/>
</testsuite>